0 info it worked if it ends with ok
1 verbose cli [ '/home/dan/software/node-v6.11.2-linux-x64/bin/node',
1 verbose cli   '/home/dan/software/node-v6.11.2-linux-x64/bin/npm',
1 verbose cli   'run',
1 verbose cli   'node',
1 verbose cli   'src/app.js' ]
2 info using npm@3.10.10
3 info using node@v6.11.2
4 verbose stack Error: missing script: node
4 verbose stack     at run (/home/dan/software/node-v6.11.2-linux-x64/lib/node_modules/npm/lib/run-script.js:151:19)
4 verbose stack     at /home/dan/software/node-v6.11.2-linux-x64/lib/node_modules/npm/lib/run-script.js:61:5
4 verbose stack     at /home/dan/software/node-v6.11.2-linux-x64/lib/node_modules/npm/node_modules/read-package-json/read-json.js:356:5
4 verbose stack     at checkBinReferences_ (/home/dan/software/node-v6.11.2-linux-x64/lib/node_modules/npm/node_modules/read-package-json/read-json.js:320:45)
4 verbose stack     at final (/home/dan/software/node-v6.11.2-linux-x64/lib/node_modules/npm/node_modules/read-package-json/read-json.js:354:3)
4 verbose stack     at then (/home/dan/software/node-v6.11.2-linux-x64/lib/node_modules/npm/node_modules/read-package-json/read-json.js:124:5)
4 verbose stack     at ReadFileContext.<anonymous> (/home/dan/software/node-v6.11.2-linux-x64/lib/node_modules/npm/node_modules/read-package-json/read-json.js:295:20)
4 verbose stack     at ReadFileContext.callback (/home/dan/software/node-v6.11.2-linux-x64/lib/node_modules/npm/node_modules/graceful-fs/graceful-fs.js:78:16)
4 verbose stack     at FSReqWrap.readFileAfterOpen [as oncomplete] (fs.js:366:13)
5 verbose cwd /home/dan/sites/dmacmillan.ca/projects/vue/server
6 error Linux 3.10.0-514.26.2.el7.x86_64
7 error argv "/home/dan/software/node-v6.11.2-linux-x64/bin/node" "/home/dan/software/node-v6.11.2-linux-x64/bin/npm" "run" "node" "src/app.js"
8 error node v6.11.2
9 error npm  v3.10.10
10 error missing script: node
11 error If you need help, you may report this error at:
11 error     <https://github.com/npm/npm/issues>
12 verbose exit [ 1, true ]
